This is pdfTeX, Version 3.141592653-2.6-1.40.26 (TeX Live 2024) (preloaded format=pdflatex 2025.2.6)  10 FEB 2025 18:06
entering extended mode
 restricted \write18 enabled.
 %&-line parsing enabled.
**Asynchronous_Reviews.tex
(./Asynchronous_Reviews.tex
LaTeX2e <2024-11-01> patch level 2
L3 programming layer <2025-01-18>
(c:/texlive/2024/texmf-dist/tex/latex/base/article.cls
Document Class: article 2024/06/29 v1.4n Standard LaTeX document class
(c:/texlive/2024/texmf-dist/tex/latex/base/size10.clo
File: size10.clo 2024/06/29 v1.4n Standard LaTeX file (size option)
)
\c@part=\count196
\c@section=\count197
\c@subsection=\count198
\c@subsubsection=\count199
\c@paragraph=\count266
\c@subparagraph=\count267
\c@figure=\count268
\c@table=\count269
\abovecaptionskip=\skip49
\belowcaptionskip=\skip50
\bibindent=\dimen141
)
(c:/texlive/2024/texmf-dist/tex/latex/pdfpages/pdfpages.sty
Package: pdfpages 2025/01/30 v0.6e Insert pages of external PDF documents (AM)

(c:/texlive/2024/texmf-dist/tex/latex/base/ifthen.sty
Package: ifthen 2024/03/16 v1.1e Standard LaTeX ifthen package (DPC)
)
(c:/texlive/2024/texmf-dist/tex/latex/tools/calc.sty
Package: calc 2023/07/08 v4.3 Infix arithmetic (KKT,FJ)
\calc@Acount=\count270
\calc@Bcount=\count271
\calc@Adimen=\dimen142
\calc@Bdimen=\dimen143
\calc@Askip=\skip51
\calc@Bskip=\skip52
LaTeX Info: Redefining \setlength on input line 80.
LaTeX Info: Redefining \addtolength on input line 81.
\calc@Ccount=\count272
\calc@Cskip=\skip53
)
(c:/texlive/2024/texmf-dist/tex/latex/eso-pic/eso-pic.sty
Package: eso-pic 2023/05/03 v3.0c eso-pic (RN)
\ESO@tempdima=\dimen144
\ESO@tempdimb=\dimen145

(c:/texlive/2024/texmf-dist/tex/latex/graphics/keyval.sty
Package: keyval 2022/05/29 v1.15 key=value parser (DPC)
\KV@toks@=\toks17
)
(c:/texlive/2024/texmf-dist/tex/latex/xcolor/xcolor.sty
Package: xcolor 2024/09/29 v3.02 LaTeX color extensions (UK)

(c:/texlive/2024/texmf-dist/tex/latex/graphics-cfg/color.cfg
File: color.cfg 2016/01/02 v1.6 sample color configuration
)
Package xcolor Info: Driver file: pdftex.def on input line 274.

(c:/texlive/2024/texmf-dist/tex/latex/graphics-def/pdftex.def
File: pdftex.def 2024/04/13 v1.2c Graphics/color driver for pdftex
)
(c:/texlive/2024/texmf-dist/tex/latex/graphics/mathcolor.ltx)
Package xcolor Info: Model `cmy' substituted by `cmy0' on input line 1349.
Package xcolor Info: Model `hsb' substituted by `rgb' on input line 1353.
Package xcolor Info: Model `RGB' extended on input line 1365.
Package xcolor Info: Model `HTML' substituted by `rgb' on input line 1367.
Package xcolor Info: Model `Hsb' substituted by `hsb' on input line 1368.
Package xcolor Info: Model `tHsb' substituted by `hsb' on input line 1369.
Package xcolor Info: Model `HSB' substituted by `hsb' on input line 1370.
Package xcolor Info: Model `Gray' substituted by `gray' on input line 1371.
Package xcolor Info: Model `wave' substituted by `hsb' on input line 1372.
))
(c:/texlive/2024/texmf-dist/tex/latex/etoolbox/etoolbox.sty
Package: etoolbox 2020/10/05 v2.5k e-TeX tools for LaTeX (JAW)
\etb@tempcnta=\count273
)
(c:/texlive/2024/texmf-dist/tex/latex/graphics/graphicx.sty
Package: graphicx 2021/09/16 v1.2d Enhanced LaTeX Graphics (DPC,SPQR)

(c:/texlive/2024/texmf-dist/tex/latex/graphics/graphics.sty
Package: graphics 2024/08/06 v1.4g Standard LaTeX Graphics (DPC,SPQR)

(c:/texlive/2024/texmf-dist/tex/latex/graphics/trig.sty
Package: trig 2023/12/02 v1.11 sin cos tan (DPC)
)
(c:/texlive/2024/texmf-dist/tex/latex/graphics-cfg/graphics.cfg
File: graphics.cfg 2016/06/04 v1.11 sample graphics configuration
)
Package graphics Info: Driver file: pdftex.def on input line 106.
)
\Gin@req@height=\dimen146
\Gin@req@width=\dimen147
)
\AM@pagewidth=\dimen148
\AM@pageheight=\dimen149
\AM@fboxrule=\dimen150

(c:/texlive/2024/texmf-dist/tex/latex/pdfpages/pppdftex.def
File: pppdftex.def 2025/01/30 v0.6e Pdfpages driver for pdfTeX (AM)
)
\pdfpages@includegraphics@status=\count274
\AM@pagebox=\box52
\AM@global@opts=\toks18
\AM@pagecnt=\count275
\AM@toc@title=\toks19
\AM@lof@heading=\toks20
\c@AM@survey=\count276
\AM@templatesizebox=\box53
)
(c:/texlive/2024/texmf-dist/tex/latex/l3backend/l3backend-pdftex.def
File: l3backend-pdftex.def 2024-05-08 L3 backend support: PDF output (pdfTeX)
\l__color_backend_stack_int=\count277
\l__pdf_internal_box=\box54
)
(./Asynchronous_Reviews.aux)
\openout1 = `Asynchronous_Reviews.aux'.

LaTeX Font Info:    Checking defaults for OML/cmm/m/it on input line 4.
LaTeX Font Info:    ... okay on input line 4.
LaTeX Font Info:    Checking defaults for OMS/cmsy/m/n on input line 4.
LaTeX Font Info:    ... okay on input line 4.
LaTeX Font Info:    Checking defaults for OT1/cmr/m/n on input line 4.
LaTeX Font Info:    ... okay on input line 4.
LaTeX Font Info:    Checking defaults for T1/cmr/m/n on input line 4.
LaTeX Font Info:    ... okay on input line 4.
LaTeX Font Info:    Checking defaults for TS1/cmr/m/n on input line 4.
LaTeX Font Info:    ... okay on input line 4.
LaTeX Font Info:    Checking defaults for OMX/cmex/m/n on input line 4.
LaTeX Font Info:    ... okay on input line 4.
LaTeX Font Info:    Checking defaults for U/cmr/m/n on input line 4.
LaTeX Font Info:    ... okay on input line 4.

(c:/texlive/2024/texmf-dist/tex/context/base/mkii/supp-pdf.mkii
[Loading MPS to PDF converter (version 2006.09.02).]
\scratchcounter=\count278
\scratchdimen=\dimen151
\scratchbox=\box55
\nofMPsegments=\count279
\nofMParguments=\count280
\everyMPshowfont=\toks21
\MPscratchCnt=\count281
\MPscratchDim=\dimen152
\MPnumerator=\count282
\makeMPintoPDFobject=\count283
\everyMPtoPDFconversion=\toks22
) (c:/texlive/2024/texmf-dist/tex/latex/epstopdf-pkg/epstopdf-base.sty
Package: epstopdf-base 2020-01-24 v2.11 Base part for package epstopdf
Package epstopdf-base Info: Redefining graphics rule for `.eps' on input line 4
85.

(c:/texlive/2024/texmf-dist/tex/latex/latexconfig/epstopdf-sys.cfg
File: epstopdf-sys.cfg 2010/07/13 v1.3 Configuration of (r)epstopdf for TeX Liv
e
))
(c:/texlive/2024/texmf-dist/tex/latex/pdflscape/pdflscape.sty
Package: pdflscape 2022-10-27 v0.13 Display of landscape pages in PDF

(c:/texlive/2024/texmf-dist/tex/latex/pdflscape/pdflscape-nometadata.sty
Package: pdflscape-nometadata 2022-10-28 v0.13 Display of landscape pages in PD
F (HO)

(c:/texlive/2024/texmf-dist/tex/generic/iftex/iftex.sty
Package: iftex 2024/12/12 v1.0g TeX engine tests
)
(c:/texlive/2024/texmf-dist/tex/latex/graphics/lscape.sty
Package: lscape 2020/05/28 v3.02 Landscape Pages (DPC)
)
Package pdflscape Info: Auto-detected driver: pdftex on input line 81.
))
<1.pdf, id=1, 597.23125pt x 845.1575pt>
File: 1.pdf Graphic file (type pdf)
<use 1.pdf>
Package pdftex.def Info: 1.pdf  used on input line 6.
(pdftex.def)             Requested size: 597.22978pt x 845.15544pt.
<1.pdf, id=3, page=1, 597.23125pt x 845.1575pt>
File: 1.pdf Graphic file (type pdf)
<use 1.pdf, page 1>
Package pdftex.def Info: 1.pdf , page1 used on input line 6.
(pdftex.def)             Requested size: 597.22978pt x 845.15544pt.
File: 1.pdf Graphic file (type pdf)
<use 1.pdf, page 1>
Package pdftex.def Info: 1.pdf , page1 used on input line 6.
(pdftex.def)             Requested size: 597.25711pt x 845.19412pt.
File: 1.pdf Graphic file (type pdf)
<use 1.pdf, page 1>
Package pdftex.def Info: 1.pdf , page1 used on input line 6.
(pdftex.def)             Requested size: 597.25711pt x 845.19412pt.
File: 1.pdf Graphic file (type pdf)
<use 1.pdf, page 1>
Package pdftex.def Info: 1.pdf , page1 used on input line 6.
(pdftex.def)             Requested size: 597.25711pt x 845.19412pt.


File: 1.pdf Graphic file (type pdf)
<use 1.pdf, page 1>
Package pdftex.def Info: 1.pdf , page1 used on input line 6.
(pdftex.def)             Requested size: 597.25711pt x 845.19412pt.
[1


 <./1.pdf>]
<2.pdf, id=28, 597.23125pt x 845.1575pt>
File: 2.pdf Graphic file (type pdf)
<use 2.pdf>
Package pdftex.def Info: 2.pdf  used on input line 7.
(pdftex.def)             Requested size: 597.22978pt x 845.15544pt.
<2.pdf, id=30, page=1, 597.23125pt x 845.1575pt>
File: 2.pdf Graphic file (type pdf)
<use 2.pdf, page 1>
Package pdftex.def Info: 2.pdf , page1 used on input line 7.
(pdftex.def)             Requested size: 597.22978pt x 845.15544pt.
File: 2.pdf Graphic file (type pdf)
<use 2.pdf, page 1>
Package pdftex.def Info: 2.pdf , page1 used on input line 7.
(pdftex.def)             Requested size: 597.25711pt x 845.19412pt.
File: 2.pdf Graphic file (type pdf)
<use 2.pdf, page 1>
Package pdftex.def Info: 2.pdf , page1 used on input line 7.
(pdftex.def)             Requested size: 597.25711pt x 845.19412pt.
File: 2.pdf Graphic file (type pdf)
<use 2.pdf, page 1>
Package pdftex.def Info: 2.pdf , page1 used on input line 7.
(pdftex.def)             Requested size: 597.25711pt x 845.19412pt.


File: 2.pdf Graphic file (type pdf)
<use 2.pdf, page 1>
Package pdftex.def Info: 2.pdf , page1 used on input line 7.
(pdftex.def)             Requested size: 597.25711pt x 845.19412pt.
[2

 <./2.pdf>]
<3.pdf, id=47, 597.23125pt x 845.1575pt>
File: 3.pdf Graphic file (type pdf)
<use 3.pdf>
Package pdftex.def Info: 3.pdf  used on input line 8.
(pdftex.def)             Requested size: 597.22978pt x 845.15544pt.
<3.pdf, id=49, page=1, 597.23125pt x 845.1575pt>
File: 3.pdf Graphic file (type pdf)
<use 3.pdf, page 1>
Package pdftex.def Info: 3.pdf , page1 used on input line 8.
(pdftex.def)             Requested size: 597.22978pt x 845.15544pt.
File: 3.pdf Graphic file (type pdf)
<use 3.pdf, page 1>
Package pdftex.def Info: 3.pdf , page1 used on input line 8.
(pdftex.def)             Requested size: 597.25711pt x 845.19412pt.
File: 3.pdf Graphic file (type pdf)
<use 3.pdf, page 1>
Package pdftex.def Info: 3.pdf , page1 used on input line 8.
(pdftex.def)             Requested size: 597.25711pt x 845.19412pt.
File: 3.pdf Graphic file (type pdf)
<use 3.pdf, page 1>
Package pdftex.def Info: 3.pdf , page1 used on input line 8.
(pdftex.def)             Requested size: 597.25711pt x 845.19412pt.


File: 3.pdf Graphic file (type pdf)
<use 3.pdf, page 1>
Package pdftex.def Info: 3.pdf , page1 used on input line 8.
(pdftex.def)             Requested size: 597.25711pt x 845.19412pt.
[3

 <./3.pdf>]
<4.pdf, id=72, 597.23125pt x 845.1575pt>
File: 4.pdf Graphic file (type pdf)
<use 4.pdf>
Package pdftex.def Info: 4.pdf  used on input line 9.
(pdftex.def)             Requested size: 597.22978pt x 845.15544pt.
<4.pdf, id=74, page=1, 597.23125pt x 845.1575pt>
File: 4.pdf Graphic file (type pdf)
<use 4.pdf, page 1>
Package pdftex.def Info: 4.pdf , page1 used on input line 9.
(pdftex.def)             Requested size: 597.22978pt x 845.15544pt.
File: 4.pdf Graphic file (type pdf)
<use 4.pdf, page 1>
Package pdftex.def Info: 4.pdf , page1 used on input line 9.
(pdftex.def)             Requested size: 597.25711pt x 845.19412pt.
File: 4.pdf Graphic file (type pdf)
<use 4.pdf, page 1>
Package pdftex.def Info: 4.pdf , page1 used on input line 9.
(pdftex.def)             Requested size: 597.25711pt x 845.19412pt.
File: 4.pdf Graphic file (type pdf)
<use 4.pdf, page 1>
Package pdftex.def Info: 4.pdf , page1 used on input line 9.
(pdftex.def)             Requested size: 597.25711pt x 845.19412pt.


File: 4.pdf Graphic file (type pdf)
<use 4.pdf, page 1>
Package pdftex.def Info: 4.pdf , page1 used on input line 9.
(pdftex.def)             Requested size: 597.25711pt x 845.19412pt.
[4

 <./4.pdf>]
<5.pdf, id=91, 597.23125pt x 845.1575pt>
File: 5.pdf Graphic file (type pdf)
<use 5.pdf>
Package pdftex.def Info: 5.pdf  used on input line 10.
(pdftex.def)             Requested size: 597.22978pt x 845.15544pt.
<5.pdf, id=93, page=1, 597.23125pt x 845.1575pt>
File: 5.pdf Graphic file (type pdf)
<use 5.pdf, page 1>
Package pdftex.def Info: 5.pdf , page1 used on input line 10.
(pdftex.def)             Requested size: 597.22978pt x 845.15544pt.
File: 5.pdf Graphic file (type pdf)
<use 5.pdf, page 1>
Package pdftex.def Info: 5.pdf , page1 used on input line 10.
(pdftex.def)             Requested size: 597.25711pt x 845.19412pt.
File: 5.pdf Graphic file (type pdf)
<use 5.pdf, page 1>
Package pdftex.def Info: 5.pdf , page1 used on input line 10.
(pdftex.def)             Requested size: 597.25711pt x 845.19412pt.
File: 5.pdf Graphic file (type pdf)
<use 5.pdf, page 1>
Package pdftex.def Info: 5.pdf , page1 used on input line 10.
(pdftex.def)             Requested size: 597.25711pt x 845.19412pt.


File: 5.pdf Graphic file (type pdf)
<use 5.pdf, page 1>
Package pdftex.def Info: 5.pdf , page1 used on input line 10.
(pdftex.def)             Requested size: 597.25711pt x 845.19412pt.
[5

 <./5.pdf>]
<6.pdf, id=116, 597.23125pt x 845.1575pt>
File: 6.pdf Graphic file (type pdf)
<use 6.pdf>
Package pdftex.def Info: 6.pdf  used on input line 11.
(pdftex.def)             Requested size: 597.22978pt x 845.15544pt.
<6.pdf, id=118, page=1, 597.23125pt x 845.1575pt>
File: 6.pdf Graphic file (type pdf)
<use 6.pdf, page 1>
Package pdftex.def Info: 6.pdf , page1 used on input line 11.
(pdftex.def)             Requested size: 597.22978pt x 845.15544pt.
File: 6.pdf Graphic file (type pdf)
<use 6.pdf, page 1>
Package pdftex.def Info: 6.pdf , page1 used on input line 11.
(pdftex.def)             Requested size: 597.25711pt x 845.19412pt.
File: 6.pdf Graphic file (type pdf)
<use 6.pdf, page 1>
Package pdftex.def Info: 6.pdf , page1 used on input line 11.
(pdftex.def)             Requested size: 597.25711pt x 845.19412pt.
File: 6.pdf Graphic file (type pdf)
<use 6.pdf, page 1>
Package pdftex.def Info: 6.pdf , page1 used on input line 11.
(pdftex.def)             Requested size: 597.25711pt x 845.19412pt.


File: 6.pdf Graphic file (type pdf)
<use 6.pdf, page 1>
Package pdftex.def Info: 6.pdf , page1 used on input line 11.
(pdftex.def)             Requested size: 597.25711pt x 845.19412pt.
[6

 <./6.pdf>]
<7.pdf, id=141, 597.23125pt x 845.1575pt>
File: 7.pdf Graphic file (type pdf)
<use 7.pdf>
Package pdftex.def Info: 7.pdf  used on input line 12.
(pdftex.def)             Requested size: 597.22978pt x 845.15544pt.
<7.pdf, id=143, page=1, 597.23125pt x 845.1575pt>
File: 7.pdf Graphic file (type pdf)
<use 7.pdf, page 1>
Package pdftex.def Info: 7.pdf , page1 used on input line 12.
(pdftex.def)             Requested size: 597.22978pt x 845.15544pt.
File: 7.pdf Graphic file (type pdf)
<use 7.pdf, page 1>
Package pdftex.def Info: 7.pdf , page1 used on input line 12.
(pdftex.def)             Requested size: 597.25711pt x 845.19412pt.
File: 7.pdf Graphic file (type pdf)
<use 7.pdf, page 1>
Package pdftex.def Info: 7.pdf , page1 used on input line 12.
(pdftex.def)             Requested size: 597.25711pt x 845.19412pt.
File: 7.pdf Graphic file (type pdf)
<use 7.pdf, page 1>
Package pdftex.def Info: 7.pdf , page1 used on input line 12.
(pdftex.def)             Requested size: 597.25711pt x 845.19412pt.


File: 7.pdf Graphic file (type pdf)
<use 7.pdf, page 1>
Package pdftex.def Info: 7.pdf , page1 used on input line 12.
(pdftex.def)             Requested size: 597.25711pt x 845.19412pt.
[7

 <./7.pdf>]
<8.pdf, id=161, 597.23125pt x 845.1575pt>
File: 8.pdf Graphic file (type pdf)
<use 8.pdf>
Package pdftex.def Info: 8.pdf  used on input line 13.
(pdftex.def)             Requested size: 597.22978pt x 845.15544pt.
<8.pdf, id=163, page=1, 597.23125pt x 845.1575pt>
File: 8.pdf Graphic file (type pdf)
<use 8.pdf, page 1>
Package pdftex.def Info: 8.pdf , page1 used on input line 13.
(pdftex.def)             Requested size: 597.22978pt x 845.15544pt.
File: 8.pdf Graphic file (type pdf)
<use 8.pdf, page 1>
Package pdftex.def Info: 8.pdf , page1 used on input line 13.
(pdftex.def)             Requested size: 597.25711pt x 845.19412pt.
File: 8.pdf Graphic file (type pdf)
<use 8.pdf, page 1>
Package pdftex.def Info: 8.pdf , page1 used on input line 13.
(pdftex.def)             Requested size: 597.25711pt x 845.19412pt.
File: 8.pdf Graphic file (type pdf)
<use 8.pdf, page 1>
Package pdftex.def Info: 8.pdf , page1 used on input line 13.
(pdftex.def)             Requested size: 597.25711pt x 845.19412pt.


File: 8.pdf Graphic file (type pdf)
<use 8.pdf, page 1>
Package pdftex.def Info: 8.pdf , page1 used on input line 13.
(pdftex.def)             Requested size: 597.25711pt x 845.19412pt.
[8

 <./8.pdf>]
<9.pdf, id=187, 597.23125pt x 845.1575pt>
File: 9.pdf Graphic file (type pdf)
<use 9.pdf>
Package pdftex.def Info: 9.pdf  used on input line 14.
(pdftex.def)             Requested size: 597.22978pt x 845.15544pt.
<9.pdf, id=189, page=1, 597.23125pt x 845.1575pt>
File: 9.pdf Graphic file (type pdf)
<use 9.pdf, page 1>
Package pdftex.def Info: 9.pdf , page1 used on input line 14.
(pdftex.def)             Requested size: 597.22978pt x 845.15544pt.
File: 9.pdf Graphic file (type pdf)
<use 9.pdf, page 1>
Package pdftex.def Info: 9.pdf , page1 used on input line 14.
(pdftex.def)             Requested size: 597.25711pt x 845.19412pt.
File: 9.pdf Graphic file (type pdf)
<use 9.pdf, page 1>
Package pdftex.def Info: 9.pdf , page1 used on input line 14.
(pdftex.def)             Requested size: 597.25711pt x 845.19412pt.
File: 9.pdf Graphic file (type pdf)
<use 9.pdf, page 1>
Package pdftex.def Info: 9.pdf , page1 used on input line 14.
(pdftex.def)             Requested size: 597.25711pt x 845.19412pt.


File: 9.pdf Graphic file (type pdf)
<use 9.pdf, page 1>
Package pdftex.def Info: 9.pdf , page1 used on input line 14.
(pdftex.def)             Requested size: 597.25711pt x 845.19412pt.
[9

 <./9.pdf>]
<10.pdf, id=206, 597.23125pt x 845.1575pt>
File: 10.pdf Graphic file (type pdf)
<use 10.pdf>
Package pdftex.def Info: 10.pdf  used on input line 15.
(pdftex.def)             Requested size: 597.22978pt x 845.15544pt.
<10.pdf, id=208, page=1, 597.23125pt x 845.1575pt>
File: 10.pdf Graphic file (type pdf)
<use 10.pdf, page 1>
Package pdftex.def Info: 10.pdf , page1 used on input line 15.
(pdftex.def)             Requested size: 597.22978pt x 845.15544pt.
File: 10.pdf Graphic file (type pdf)
<use 10.pdf, page 1>
Package pdftex.def Info: 10.pdf , page1 used on input line 15.
(pdftex.def)             Requested size: 597.25711pt x 845.19412pt.
File: 10.pdf Graphic file (type pdf)
<use 10.pdf, page 1>
Package pdftex.def Info: 10.pdf , page1 used on input line 15.
(pdftex.def)             Requested size: 597.25711pt x 845.19412pt.
File: 10.pdf Graphic file (type pdf)
<use 10.pdf, page 1>
Package pdftex.def Info: 10.pdf , page1 used on input line 15.
(pdftex.def)             Requested size: 597.25711pt x 845.19412pt.


File: 10.pdf Graphic file (type pdf)
<use 10.pdf, page 1>
Package pdftex.def Info: 10.pdf , page1 used on input line 15.
(pdftex.def)             Requested size: 597.25711pt x 845.19412pt.
[10

 <./10.pdf>]
<11.pdf, id=231, 597.23125pt x 845.1575pt>
File: 11.pdf Graphic file (type pdf)
<use 11.pdf>
Package pdftex.def Info: 11.pdf  used on input line 16.
(pdftex.def)             Requested size: 597.22978pt x 845.15544pt.
<11.pdf, id=233, page=1, 597.23125pt x 845.1575pt>
File: 11.pdf Graphic file (type pdf)
<use 11.pdf, page 1>
Package pdftex.def Info: 11.pdf , page1 used on input line 16.
(pdftex.def)             Requested size: 597.22978pt x 845.15544pt.
File: 11.pdf Graphic file (type pdf)
<use 11.pdf, page 1>
Package pdftex.def Info: 11.pdf , page1 used on input line 16.
(pdftex.def)             Requested size: 597.25711pt x 845.19412pt.
File: 11.pdf Graphic file (type pdf)
<use 11.pdf, page 1>
Package pdftex.def Info: 11.pdf , page1 used on input line 16.
(pdftex.def)             Requested size: 597.25711pt x 845.19412pt.
File: 11.pdf Graphic file (type pdf)
<use 11.pdf, page 1>
Package pdftex.def Info: 11.pdf , page1 used on input line 16.
(pdftex.def)             Requested size: 597.25711pt x 845.19412pt.


File: 11.pdf Graphic file (type pdf)
<use 11.pdf, page 1>
Package pdftex.def Info: 11.pdf , page1 used on input line 16.
(pdftex.def)             Requested size: 597.25711pt x 845.19412pt.
[11

 <./11.pdf>]
<12.pdf, id=256, 597.23125pt x 845.1575pt>
File: 12.pdf Graphic file (type pdf)
<use 12.pdf>
Package pdftex.def Info: 12.pdf  used on input line 17.
(pdftex.def)             Requested size: 597.22978pt x 845.15544pt.
<12.pdf, id=258, page=1, 597.23125pt x 845.1575pt>
File: 12.pdf Graphic file (type pdf)
<use 12.pdf, page 1>
Package pdftex.def Info: 12.pdf , page1 used on input line 17.
(pdftex.def)             Requested size: 597.22978pt x 845.15544pt.
File: 12.pdf Graphic file (type pdf)
<use 12.pdf, page 1>
Package pdftex.def Info: 12.pdf , page1 used on input line 17.
(pdftex.def)             Requested size: 597.25711pt x 845.19412pt.
File: 12.pdf Graphic file (type pdf)
<use 12.pdf, page 1>
Package pdftex.def Info: 12.pdf , page1 used on input line 17.
(pdftex.def)             Requested size: 597.25711pt x 845.19412pt.
File: 12.pdf Graphic file (type pdf)
<use 12.pdf, page 1>
Package pdftex.def Info: 12.pdf , page1 used on input line 17.
(pdftex.def)             Requested size: 597.25711pt x 845.19412pt.


File: 12.pdf Graphic file (type pdf)
<use 12.pdf, page 1>
Package pdftex.def Info: 12.pdf , page1 used on input line 17.
(pdftex.def)             Requested size: 597.25711pt x 845.19412pt.
[12

 <./12.pdf>]
<13.pdf, id=275, 597.23125pt x 845.1575pt>
File: 13.pdf Graphic file (type pdf)
<use 13.pdf>
Package pdftex.def Info: 13.pdf  used on input line 18.
(pdftex.def)             Requested size: 597.22978pt x 845.15544pt.
<13.pdf, id=277, page=1, 597.23125pt x 845.1575pt>
File: 13.pdf Graphic file (type pdf)
<use 13.pdf, page 1>
Package pdftex.def Info: 13.pdf , page1 used on input line 18.
(pdftex.def)             Requested size: 597.22978pt x 845.15544pt.
File: 13.pdf Graphic file (type pdf)
<use 13.pdf, page 1>
Package pdftex.def Info: 13.pdf , page1 used on input line 18.
(pdftex.def)             Requested size: 597.25711pt x 845.19412pt.
File: 13.pdf Graphic file (type pdf)
<use 13.pdf, page 1>
Package pdftex.def Info: 13.pdf , page1 used on input line 18.
(pdftex.def)             Requested size: 597.25711pt x 845.19412pt.
File: 13.pdf Graphic file (type pdf)
<use 13.pdf, page 1>
Package pdftex.def Info: 13.pdf , page1 used on input line 18.
(pdftex.def)             Requested size: 597.25711pt x 845.19412pt.


File: 13.pdf Graphic file (type pdf)
<use 13.pdf, page 1>
Package pdftex.def Info: 13.pdf , page1 used on input line 18.
(pdftex.def)             Requested size: 597.25711pt x 845.19412pt.
[13

 <./13.pdf>]
<14.pdf, id=295, 597.23125pt x 845.1575pt>
File: 14.pdf Graphic file (type pdf)
<use 14.pdf>
Package pdftex.def Info: 14.pdf  used on input line 19.
(pdftex.def)             Requested size: 597.22978pt x 845.15544pt.
<14.pdf, id=297, page=1, 597.23125pt x 845.1575pt>
File: 14.pdf Graphic file (type pdf)
<use 14.pdf, page 1>
Package pdftex.def Info: 14.pdf , page1 used on input line 19.
(pdftex.def)             Requested size: 597.22978pt x 845.15544pt.
File: 14.pdf Graphic file (type pdf)
<use 14.pdf, page 1>
Package pdftex.def Info: 14.pdf , page1 used on input line 19.
(pdftex.def)             Requested size: 597.25711pt x 845.19412pt.
File: 14.pdf Graphic file (type pdf)
<use 14.pdf, page 1>
Package pdftex.def Info: 14.pdf , page1 used on input line 19.
(pdftex.def)             Requested size: 597.25711pt x 845.19412pt.
File: 14.pdf Graphic file (type pdf)
<use 14.pdf, page 1>
Package pdftex.def Info: 14.pdf , page1 used on input line 19.
(pdftex.def)             Requested size: 597.25711pt x 845.19412pt.


File: 14.pdf Graphic file (type pdf)
<use 14.pdf, page 1>
Package pdftex.def Info: 14.pdf , page1 used on input line 19.
(pdftex.def)             Requested size: 597.25711pt x 845.19412pt.
[14

 <./14.pdf>]
<15.pdf, id=320, 597.23125pt x 845.1575pt>
File: 15.pdf Graphic file (type pdf)
<use 15.pdf>
Package pdftex.def Info: 15.pdf  used on input line 20.
(pdftex.def)             Requested size: 597.22978pt x 845.15544pt.
<15.pdf, id=322, page=1, 597.23125pt x 845.1575pt>
File: 15.pdf Graphic file (type pdf)
<use 15.pdf, page 1>
Package pdftex.def Info: 15.pdf , page1 used on input line 20.
(pdftex.def)             Requested size: 597.22978pt x 845.15544pt.
File: 15.pdf Graphic file (type pdf)
<use 15.pdf, page 1>
Package pdftex.def Info: 15.pdf , page1 used on input line 20.
(pdftex.def)             Requested size: 597.25711pt x 845.19412pt.
File: 15.pdf Graphic file (type pdf)
<use 15.pdf, page 1>
Package pdftex.def Info: 15.pdf , page1 used on input line 20.
(pdftex.def)             Requested size: 597.25711pt x 845.19412pt.
File: 15.pdf Graphic file (type pdf)
<use 15.pdf, page 1>
Package pdftex.def Info: 15.pdf , page1 used on input line 20.
(pdftex.def)             Requested size: 597.25711pt x 845.19412pt.


File: 15.pdf Graphic file (type pdf)
<use 15.pdf, page 1>
Package pdftex.def Info: 15.pdf , page1 used on input line 20.
(pdftex.def)             Requested size: 597.25711pt x 845.19412pt.
[15

 <./15.pdf>]
<16.pdf, id=346, 597.23125pt x 845.1575pt>
File: 16.pdf Graphic file (type pdf)
<use 16.pdf>
Package pdftex.def Info: 16.pdf  used on input line 21.
(pdftex.def)             Requested size: 597.22978pt x 845.15544pt.
<16.pdf, id=348, page=1, 597.23125pt x 845.1575pt>
File: 16.pdf Graphic file (type pdf)
<use 16.pdf, page 1>
Package pdftex.def Info: 16.pdf , page1 used on input line 21.
(pdftex.def)             Requested size: 597.22978pt x 845.15544pt.
File: 16.pdf Graphic file (type pdf)
<use 16.pdf, page 1>
Package pdftex.def Info: 16.pdf , page1 used on input line 21.
(pdftex.def)             Requested size: 597.25711pt x 845.19412pt.
File: 16.pdf Graphic file (type pdf)
<use 16.pdf, page 1>
Package pdftex.def Info: 16.pdf , page1 used on input line 21.
(pdftex.def)             Requested size: 597.25711pt x 845.19412pt.
File: 16.pdf Graphic file (type pdf)
<use 16.pdf, page 1>
Package pdftex.def Info: 16.pdf , page1 used on input line 21.
(pdftex.def)             Requested size: 597.25711pt x 845.19412pt.


File: 16.pdf Graphic file (type pdf)
<use 16.pdf, page 1>
Package pdftex.def Info: 16.pdf , page1 used on input line 21.
(pdftex.def)             Requested size: 597.25711pt x 845.19412pt.
[16

 <./16.pdf>]
<17.pdf, id=365, 597.23125pt x 845.1575pt>
File: 17.pdf Graphic file (type pdf)
<use 17.pdf>
Package pdftex.def Info: 17.pdf  used on input line 22.
(pdftex.def)             Requested size: 597.22978pt x 845.15544pt.
<17.pdf, id=367, page=1, 597.23125pt x 845.1575pt>
File: 17.pdf Graphic file (type pdf)
<use 17.pdf, page 1>
Package pdftex.def Info: 17.pdf , page1 used on input line 22.
(pdftex.def)             Requested size: 597.22978pt x 845.15544pt.
File: 17.pdf Graphic file (type pdf)
<use 17.pdf, page 1>
Package pdftex.def Info: 17.pdf , page1 used on input line 22.
(pdftex.def)             Requested size: 597.25711pt x 845.19412pt.
File: 17.pdf Graphic file (type pdf)
<use 17.pdf, page 1>
Package pdftex.def Info: 17.pdf , page1 used on input line 22.
(pdftex.def)             Requested size: 597.25711pt x 845.19412pt.
File: 17.pdf Graphic file (type pdf)
<use 17.pdf, page 1>
Package pdftex.def Info: 17.pdf , page1 used on input line 22.
(pdftex.def)             Requested size: 597.25711pt x 845.19412pt.


File: 17.pdf Graphic file (type pdf)
<use 17.pdf, page 1>
Package pdftex.def Info: 17.pdf , page1 used on input line 22.
(pdftex.def)             Requested size: 597.25711pt x 845.19412pt.
[17

 <./17.pdf>]
<18.pdf, id=390, 597.23125pt x 845.1575pt>
File: 18.pdf Graphic file (type pdf)
<use 18.pdf>
Package pdftex.def Info: 18.pdf  used on input line 23.
(pdftex.def)             Requested size: 597.22978pt x 845.15544pt.
<18.pdf, id=392, page=1, 597.23125pt x 845.1575pt>
File: 18.pdf Graphic file (type pdf)
<use 18.pdf, page 1>
Package pdftex.def Info: 18.pdf , page1 used on input line 23.
(pdftex.def)             Requested size: 597.22978pt x 845.15544pt.
File: 18.pdf Graphic file (type pdf)
<use 18.pdf, page 1>
Package pdftex.def Info: 18.pdf , page1 used on input line 23.
(pdftex.def)             Requested size: 597.25711pt x 845.19412pt.
File: 18.pdf Graphic file (type pdf)
<use 18.pdf, page 1>
Package pdftex.def Info: 18.pdf , page1 used on input line 23.
(pdftex.def)             Requested size: 597.25711pt x 845.19412pt.
File: 18.pdf Graphic file (type pdf)
<use 18.pdf, page 1>
Package pdftex.def Info: 18.pdf , page1 used on input line 23.
(pdftex.def)             Requested size: 597.25711pt x 845.19412pt.


File: 18.pdf Graphic file (type pdf)
<use 18.pdf, page 1>
Package pdftex.def Info: 18.pdf , page1 used on input line 23.
(pdftex.def)             Requested size: 597.25711pt x 845.19412pt.
[18

 <./18.pdf>]
<19.pdf, id=415, 597.23125pt x 845.1575pt>
File: 19.pdf Graphic file (type pdf)
<use 19.pdf>
Package pdftex.def Info: 19.pdf  used on input line 24.
(pdftex.def)             Requested size: 597.22978pt x 845.15544pt.
<19.pdf, id=417, page=1, 597.23125pt x 845.1575pt>
File: 19.pdf Graphic file (type pdf)
<use 19.pdf, page 1>
Package pdftex.def Info: 19.pdf , page1 used on input line 24.
(pdftex.def)             Requested size: 597.22978pt x 845.15544pt.
File: 19.pdf Graphic file (type pdf)
<use 19.pdf, page 1>
Package pdftex.def Info: 19.pdf , page1 used on input line 24.
(pdftex.def)             Requested size: 597.25711pt x 845.19412pt.
File: 19.pdf Graphic file (type pdf)
<use 19.pdf, page 1>
Package pdftex.def Info: 19.pdf , page1 used on input line 24.
(pdftex.def)             Requested size: 597.25711pt x 845.19412pt.
File: 19.pdf Graphic file (type pdf)
<use 19.pdf, page 1>
Package pdftex.def Info: 19.pdf , page1 used on input line 24.
(pdftex.def)             Requested size: 597.25711pt x 845.19412pt.


File: 19.pdf Graphic file (type pdf)
<use 19.pdf, page 1>
Package pdftex.def Info: 19.pdf , page1 used on input line 24.
(pdftex.def)             Requested size: 597.25711pt x 845.19412pt.
[19

 <./19.pdf>]
<20.pdf, id=441, 597.23125pt x 845.1575pt>
File: 20.pdf Graphic file (type pdf)
<use 20.pdf>
Package pdftex.def Info: 20.pdf  used on input line 25.
(pdftex.def)             Requested size: 597.22978pt x 845.15544pt.
<20.pdf, id=443, page=1, 597.23125pt x 845.1575pt>
File: 20.pdf Graphic file (type pdf)
<use 20.pdf, page 1>
Package pdftex.def Info: 20.pdf , page1 used on input line 25.
(pdftex.def)             Requested size: 597.22978pt x 845.15544pt.
File: 20.pdf Graphic file (type pdf)
<use 20.pdf, page 1>
Package pdftex.def Info: 20.pdf , page1 used on input line 25.
(pdftex.def)             Requested size: 597.25711pt x 845.19412pt.
File: 20.pdf Graphic file (type pdf)
<use 20.pdf, page 1>
Package pdftex.def Info: 20.pdf , page1 used on input line 25.
(pdftex.def)             Requested size: 597.25711pt x 845.19412pt.
File: 20.pdf Graphic file (type pdf)
<use 20.pdf, page 1>
Package pdftex.def Info: 20.pdf , page1 used on input line 25.
(pdftex.def)             Requested size: 597.25711pt x 845.19412pt.


File: 20.pdf Graphic file (type pdf)
<use 20.pdf, page 1>
Package pdftex.def Info: 20.pdf , page1 used on input line 25.
(pdftex.def)             Requested size: 597.25711pt x 845.19412pt.
[20

 <./20.pdf>]
<21.pdf, id=466, 597.23125pt x 845.1575pt>
File: 21.pdf Graphic file (type pdf)
<use 21.pdf>
Package pdftex.def Info: 21.pdf  used on input line 26.
(pdftex.def)             Requested size: 597.22978pt x 845.15544pt.
<21.pdf, id=468, page=1, 597.23125pt x 845.1575pt>
File: 21.pdf Graphic file (type pdf)
<use 21.pdf, page 1>
Package pdftex.def Info: 21.pdf , page1 used on input line 26.
(pdftex.def)             Requested size: 597.22978pt x 845.15544pt.
File: 21.pdf Graphic file (type pdf)
<use 21.pdf, page 1>
Package pdftex.def Info: 21.pdf , page1 used on input line 26.
(pdftex.def)             Requested size: 597.25711pt x 845.19412pt.
File: 21.pdf Graphic file (type pdf)
<use 21.pdf, page 1>
Package pdftex.def Info: 21.pdf , page1 used on input line 26.
(pdftex.def)             Requested size: 597.25711pt x 845.19412pt.
File: 21.pdf Graphic file (type pdf)
<use 21.pdf, page 1>
Package pdftex.def Info: 21.pdf , page1 used on input line 26.
(pdftex.def)             Requested size: 597.25711pt x 845.19412pt.


File: 21.pdf Graphic file (type pdf)
<use 21.pdf, page 1>
Package pdftex.def Info: 21.pdf , page1 used on input line 26.
(pdftex.def)             Requested size: 597.25711pt x 845.19412pt.
[21

 <./21.pdf>]
<22.pdf, id=491, 597.23125pt x 845.1575pt>
File: 22.pdf Graphic file (type pdf)
<use 22.pdf>
Package pdftex.def Info: 22.pdf  used on input line 27.
(pdftex.def)             Requested size: 597.22978pt x 845.15544pt.
<22.pdf, id=493, page=1, 597.23125pt x 845.1575pt>
File: 22.pdf Graphic file (type pdf)
<use 22.pdf, page 1>
Package pdftex.def Info: 22.pdf , page1 used on input line 27.
(pdftex.def)             Requested size: 597.22978pt x 845.15544pt.
File: 22.pdf Graphic file (type pdf)
<use 22.pdf, page 1>
Package pdftex.def Info: 22.pdf , page1 used on input line 27.
(pdftex.def)             Requested size: 597.25711pt x 845.19412pt.
File: 22.pdf Graphic file (type pdf)
<use 22.pdf, page 1>
Package pdftex.def Info: 22.pdf , page1 used on input line 27.
(pdftex.def)             Requested size: 597.25711pt x 845.19412pt.
File: 22.pdf Graphic file (type pdf)
<use 22.pdf, page 1>
Package pdftex.def Info: 22.pdf , page1 used on input line 27.
(pdftex.def)             Requested size: 597.25711pt x 845.19412pt.


File: 22.pdf Graphic file (type pdf)
<use 22.pdf, page 1>
Package pdftex.def Info: 22.pdf , page1 used on input line 27.
(pdftex.def)             Requested size: 597.25711pt x 845.19412pt.
[22

 <./22.pdf>]
<23.pdf, id=517, 597.23125pt x 845.1575pt>
File: 23.pdf Graphic file (type pdf)
<use 23.pdf>
Package pdftex.def Info: 23.pdf  used on input line 28.
(pdftex.def)             Requested size: 597.22978pt x 845.15544pt.
<23.pdf, id=519, page=1, 597.23125pt x 845.1575pt>
File: 23.pdf Graphic file (type pdf)
<use 23.pdf, page 1>
Package pdftex.def Info: 23.pdf , page1 used on input line 28.
(pdftex.def)             Requested size: 597.22978pt x 845.15544pt.
File: 23.pdf Graphic file (type pdf)
<use 23.pdf, page 1>
Package pdftex.def Info: 23.pdf , page1 used on input line 28.
(pdftex.def)             Requested size: 597.25711pt x 845.19412pt.
File: 23.pdf Graphic file (type pdf)
<use 23.pdf, page 1>
Package pdftex.def Info: 23.pdf , page1 used on input line 28.
(pdftex.def)             Requested size: 597.25711pt x 845.19412pt.
File: 23.pdf Graphic file (type pdf)
<use 23.pdf, page 1>
Package pdftex.def Info: 23.pdf , page1 used on input line 28.
(pdftex.def)             Requested size: 597.25711pt x 845.19412pt.


File: 23.pdf Graphic file (type pdf)
<use 23.pdf, page 1>
Package pdftex.def Info: 23.pdf , page1 used on input line 28.
(pdftex.def)             Requested size: 597.25711pt x 845.19412pt.
[23

 <./23.pdf>]
<24.pdf, id=542, 597.23125pt x 845.1575pt>
File: 24.pdf Graphic file (type pdf)
<use 24.pdf>
Package pdftex.def Info: 24.pdf  used on input line 29.
(pdftex.def)             Requested size: 597.22978pt x 845.15544pt.
<24.pdf, id=544, page=1, 597.23125pt x 845.1575pt>
File: 24.pdf Graphic file (type pdf)
<use 24.pdf, page 1>
Package pdftex.def Info: 24.pdf , page1 used on input line 29.
(pdftex.def)             Requested size: 597.22978pt x 845.15544pt.
File: 24.pdf Graphic file (type pdf)
<use 24.pdf, page 1>
Package pdftex.def Info: 24.pdf , page1 used on input line 29.
(pdftex.def)             Requested size: 597.25711pt x 845.19412pt.
File: 24.pdf Graphic file (type pdf)
<use 24.pdf, page 1>
Package pdftex.def Info: 24.pdf , page1 used on input line 29.
(pdftex.def)             Requested size: 597.25711pt x 845.19412pt.
File: 24.pdf Graphic file (type pdf)
<use 24.pdf, page 1>
Package pdftex.def Info: 24.pdf , page1 used on input line 29.
(pdftex.def)             Requested size: 597.25711pt x 845.19412pt.


File: 24.pdf Graphic file (type pdf)
<use 24.pdf, page 1>
Package pdftex.def Info: 24.pdf , page1 used on input line 29.
(pdftex.def)             Requested size: 597.25711pt x 845.19412pt.
[24

 <./24.pdf>]
<25.pdf, id=561, 597.23125pt x 845.1575pt>
File: 25.pdf Graphic file (type pdf)
<use 25.pdf>
Package pdftex.def Info: 25.pdf  used on input line 30.
(pdftex.def)             Requested size: 597.22978pt x 845.15544pt.
<25.pdf, id=563, page=1, 597.23125pt x 845.1575pt>
File: 25.pdf Graphic file (type pdf)
<use 25.pdf, page 1>
Package pdftex.def Info: 25.pdf , page1 used on input line 30.
(pdftex.def)             Requested size: 597.22978pt x 845.15544pt.
File: 25.pdf Graphic file (type pdf)
<use 25.pdf, page 1>
Package pdftex.def Info: 25.pdf , page1 used on input line 30.
(pdftex.def)             Requested size: 597.25711pt x 845.19412pt.
File: 25.pdf Graphic file (type pdf)
<use 25.pdf, page 1>
Package pdftex.def Info: 25.pdf , page1 used on input line 30.
(pdftex.def)             Requested size: 597.25711pt x 845.19412pt.
File: 25.pdf Graphic file (type pdf)
<use 25.pdf, page 1>
Package pdftex.def Info: 25.pdf , page1 used on input line 30.
(pdftex.def)             Requested size: 597.25711pt x 845.19412pt.


File: 25.pdf Graphic file (type pdf)
<use 25.pdf, page 1>
Package pdftex.def Info: 25.pdf , page1 used on input line 30.
(pdftex.def)             Requested size: 597.25711pt x 845.19412pt.
[25

 <./25.pdf>]
<26.pdf, id=581, 597.23125pt x 845.1575pt>
File: 26.pdf Graphic file (type pdf)
<use 26.pdf>
Package pdftex.def Info: 26.pdf  used on input line 31.
(pdftex.def)             Requested size: 597.22978pt x 845.15544pt.
<26.pdf, id=583, page=1, 597.23125pt x 845.1575pt>
File: 26.pdf Graphic file (type pdf)
<use 26.pdf, page 1>
Package pdftex.def Info: 26.pdf , page1 used on input line 31.
(pdftex.def)             Requested size: 597.22978pt x 845.15544pt.
File: 26.pdf Graphic file (type pdf)
<use 26.pdf, page 1>
Package pdftex.def Info: 26.pdf , page1 used on input line 31.
(pdftex.def)             Requested size: 597.25711pt x 845.19412pt.
File: 26.pdf Graphic file (type pdf)
<use 26.pdf, page 1>
Package pdftex.def Info: 26.pdf , page1 used on input line 31.
(pdftex.def)             Requested size: 597.25711pt x 845.19412pt.
File: 26.pdf Graphic file (type pdf)
<use 26.pdf, page 1>
Package pdftex.def Info: 26.pdf , page1 used on input line 31.
(pdftex.def)             Requested size: 597.25711pt x 845.19412pt.


File: 26.pdf Graphic file (type pdf)
<use 26.pdf, page 1>
Package pdftex.def Info: 26.pdf , page1 used on input line 31.
(pdftex.def)             Requested size: 597.25711pt x 845.19412pt.
[26

 <./26.pdf>]
<27.pdf, id=600, 597.23125pt x 845.1575pt>
File: 27.pdf Graphic file (type pdf)
<use 27.pdf>
Package pdftex.def Info: 27.pdf  used on input line 32.
(pdftex.def)             Requested size: 597.22978pt x 845.15544pt.
<27.pdf, id=602, page=1, 597.23125pt x 845.1575pt>
File: 27.pdf Graphic file (type pdf)
<use 27.pdf, page 1>
Package pdftex.def Info: 27.pdf , page1 used on input line 32.
(pdftex.def)             Requested size: 597.22978pt x 845.15544pt.
File: 27.pdf Graphic file (type pdf)
<use 27.pdf, page 1>
Package pdftex.def Info: 27.pdf , page1 used on input line 32.
(pdftex.def)             Requested size: 597.25711pt x 845.19412pt.
File: 27.pdf Graphic file (type pdf)
<use 27.pdf, page 1>
Package pdftex.def Info: 27.pdf , page1 used on input line 32.
(pdftex.def)             Requested size: 597.25711pt x 845.19412pt.
File: 27.pdf Graphic file (type pdf)
<use 27.pdf, page 1>
Package pdftex.def Info: 27.pdf , page1 used on input line 32.
(pdftex.def)             Requested size: 597.25711pt x 845.19412pt.


File: 27.pdf Graphic file (type pdf)
<use 27.pdf, page 1>
Package pdftex.def Info: 27.pdf , page1 used on input line 32.
(pdftex.def)             Requested size: 597.25711pt x 845.19412pt.
[27

 <./27.pdf>]
<28.pdf, id=619, 597.23125pt x 845.1575pt>
File: 28.pdf Graphic file (type pdf)
<use 28.pdf>
Package pdftex.def Info: 28.pdf  used on input line 33.
(pdftex.def)             Requested size: 597.22978pt x 845.15544pt.
<28.pdf, id=621, page=1, 597.23125pt x 845.1575pt>
File: 28.pdf Graphic file (type pdf)
<use 28.pdf, page 1>
Package pdftex.def Info: 28.pdf , page1 used on input line 33.
(pdftex.def)             Requested size: 597.22978pt x 845.15544pt.
File: 28.pdf Graphic file (type pdf)
<use 28.pdf, page 1>
Package pdftex.def Info: 28.pdf , page1 used on input line 33.
(pdftex.def)             Requested size: 597.25711pt x 845.19412pt.
File: 28.pdf Graphic file (type pdf)
<use 28.pdf, page 1>
Package pdftex.def Info: 28.pdf , page1 used on input line 33.
(pdftex.def)             Requested size: 597.25711pt x 845.19412pt.
File: 28.pdf Graphic file (type pdf)
<use 28.pdf, page 1>
Package pdftex.def Info: 28.pdf , page1 used on input line 33.
(pdftex.def)             Requested size: 597.25711pt x 845.19412pt.


File: 28.pdf Graphic file (type pdf)
<use 28.pdf, page 1>
Package pdftex.def Info: 28.pdf , page1 used on input line 33.
(pdftex.def)             Requested size: 597.25711pt x 845.19412pt.
[28

 <./28.pdf>]
<29.pdf, id=638, 597.23125pt x 845.1575pt>
File: 29.pdf Graphic file (type pdf)
<use 29.pdf>
Package pdftex.def Info: 29.pdf  used on input line 34.
(pdftex.def)             Requested size: 597.22978pt x 845.15544pt.
<29.pdf, id=640, page=1, 597.23125pt x 845.1575pt>
File: 29.pdf Graphic file (type pdf)
<use 29.pdf, page 1>
Package pdftex.def Info: 29.pdf , page1 used on input line 34.
(pdftex.def)             Requested size: 597.22978pt x 845.15544pt.
File: 29.pdf Graphic file (type pdf)
<use 29.pdf, page 1>
Package pdftex.def Info: 29.pdf , page1 used on input line 34.
(pdftex.def)             Requested size: 597.25711pt x 845.19412pt.
File: 29.pdf Graphic file (type pdf)
<use 29.pdf, page 1>
Package pdftex.def Info: 29.pdf , page1 used on input line 34.
(pdftex.def)             Requested size: 597.25711pt x 845.19412pt.
File: 29.pdf Graphic file (type pdf)
<use 29.pdf, page 1>
Package pdftex.def Info: 29.pdf , page1 used on input line 34.
(pdftex.def)             Requested size: 597.25711pt x 845.19412pt.


File: 29.pdf Graphic file (type pdf)
<use 29.pdf, page 1>
Package pdftex.def Info: 29.pdf , page1 used on input line 34.
(pdftex.def)             Requested size: 597.25711pt x 845.19412pt.
[29

 <./29.pdf>]
<30.pdf, id=663, 597.23125pt x 845.1575pt>
File: 30.pdf Graphic file (type pdf)
<use 30.pdf>
Package pdftex.def Info: 30.pdf  used on input line 35.
(pdftex.def)             Requested size: 597.22978pt x 845.15544pt.
<30.pdf, id=665, page=1, 597.23125pt x 845.1575pt>
File: 30.pdf Graphic file (type pdf)
<use 30.pdf, page 1>
Package pdftex.def Info: 30.pdf , page1 used on input line 35.
(pdftex.def)             Requested size: 597.22978pt x 845.15544pt.
File: 30.pdf Graphic file (type pdf)
<use 30.pdf, page 1>
Package pdftex.def Info: 30.pdf , page1 used on input line 35.
(pdftex.def)             Requested size: 597.25711pt x 845.19412pt.
File: 30.pdf Graphic file (type pdf)
<use 30.pdf, page 1>
Package pdftex.def Info: 30.pdf , page1 used on input line 35.
(pdftex.def)             Requested size: 597.25711pt x 845.19412pt.
File: 30.pdf Graphic file (type pdf)
<use 30.pdf, page 1>
Package pdftex.def Info: 30.pdf , page1 used on input line 35.
(pdftex.def)             Requested size: 597.25711pt x 845.19412pt.


File: 30.pdf Graphic file (type pdf)
<use 30.pdf, page 1>
Package pdftex.def Info: 30.pdf , page1 used on input line 35.
(pdftex.def)             Requested size: 597.25711pt x 845.19412pt.
[30

 <./30.pdf>]
<31.pdf, id=689, 597.23125pt x 845.1575pt>
File: 31.pdf Graphic file (type pdf)
<use 31.pdf>
Package pdftex.def Info: 31.pdf  used on input line 36.
(pdftex.def)             Requested size: 597.22978pt x 845.15544pt.
<31.pdf, id=691, page=1, 597.23125pt x 845.1575pt>
File: 31.pdf Graphic file (type pdf)
<use 31.pdf, page 1>
Package pdftex.def Info: 31.pdf , page1 used on input line 36.
(pdftex.def)             Requested size: 597.22978pt x 845.15544pt.
File: 31.pdf Graphic file (type pdf)
<use 31.pdf, page 1>
Package pdftex.def Info: 31.pdf , page1 used on input line 36.
(pdftex.def)             Requested size: 597.25711pt x 845.19412pt.
File: 31.pdf Graphic file (type pdf)
<use 31.pdf, page 1>
Package pdftex.def Info: 31.pdf , page1 used on input line 36.
(pdftex.def)             Requested size: 597.25711pt x 845.19412pt.
File: 31.pdf Graphic file (type pdf)
<use 31.pdf, page 1>
Package pdftex.def Info: 31.pdf , page1 used on input line 36.
(pdftex.def)             Requested size: 597.25711pt x 845.19412pt.


File: 31.pdf Graphic file (type pdf)
<use 31.pdf, page 1>
Package pdftex.def Info: 31.pdf , page1 used on input line 36.
(pdftex.def)             Requested size: 597.25711pt x 845.19412pt.
[31

 <./31.pdf>]
<32.pdf, id=715, 597.23125pt x 845.1575pt>
File: 32.pdf Graphic file (type pdf)
<use 32.pdf>
Package pdftex.def Info: 32.pdf  used on input line 37.
(pdftex.def)             Requested size: 597.22978pt x 845.15544pt.
<32.pdf, id=717, page=1, 597.23125pt x 845.1575pt>
File: 32.pdf Graphic file (type pdf)
<use 32.pdf, page 1>
Package pdftex.def Info: 32.pdf , page1 used on input line 37.
(pdftex.def)             Requested size: 597.22978pt x 845.15544pt.
File: 32.pdf Graphic file (type pdf)
<use 32.pdf, page 1>
Package pdftex.def Info: 32.pdf , page1 used on input line 37.
(pdftex.def)             Requested size: 597.25711pt x 845.19412pt.
File: 32.pdf Graphic file (type pdf)
<use 32.pdf, page 1>
Package pdftex.def Info: 32.pdf , page1 used on input line 37.
(pdftex.def)             Requested size: 597.25711pt x 845.19412pt.
File: 32.pdf Graphic file (type pdf)
<use 32.pdf, page 1>
Package pdftex.def Info: 32.pdf , page1 used on input line 37.
(pdftex.def)             Requested size: 597.25711pt x 845.19412pt.


File: 32.pdf Graphic file (type pdf)
<use 32.pdf, page 1>
Package pdftex.def Info: 32.pdf , page1 used on input line 37.
(pdftex.def)             Requested size: 597.25711pt x 845.19412pt.
[32

 <./32.pdf>]
<32.pdf, id=740, page=2, 597.23125pt x 845.1575pt>
File: 32.pdf Graphic file (type pdf)
<use 32.pdf, page 2>
Package pdftex.def Info: 32.pdf , page2 used on input line 37.
(pdftex.def)             Requested size: 597.25711pt x 845.19412pt.
File: 32.pdf Graphic file (type pdf)
<use 32.pdf, page 2>
Package pdftex.def Info: 32.pdf , page2 used on input line 37.
(pdftex.def)             Requested size: 597.25711pt x 845.19412pt.


File: 32.pdf Graphic file (type pdf)
<use 32.pdf, page 2>
Package pdftex.def Info: 32.pdf , page2 used on input line 37.
(pdftex.def)             Requested size: 597.25711pt x 845.19412pt.
[33

 <./32.pdf>]
<33.pdf, id=748, 597.23125pt x 845.1575pt>
File: 33.pdf Graphic file (type pdf)
<use 33.pdf>
Package pdftex.def Info: 33.pdf  used on input line 38.
(pdftex.def)             Requested size: 597.22978pt x 845.15544pt.
<33.pdf, id=750, page=1, 597.23125pt x 845.1575pt>
File: 33.pdf Graphic file (type pdf)
<use 33.pdf, page 1>
Package pdftex.def Info: 33.pdf , page1 used on input line 38.
(pdftex.def)             Requested size: 597.22978pt x 845.15544pt.
File: 33.pdf Graphic file (type pdf)
<use 33.pdf, page 1>
Package pdftex.def Info: 33.pdf , page1 used on input line 38.
(pdftex.def)             Requested size: 597.25711pt x 845.19412pt.
File: 33.pdf Graphic file (type pdf)
<use 33.pdf, page 1>
Package pdftex.def Info: 33.pdf , page1 used on input line 38.
(pdftex.def)             Requested size: 597.25711pt x 845.19412pt.
File: 33.pdf Graphic file (type pdf)
<use 33.pdf, page 1>
Package pdftex.def Info: 33.pdf , page1 used on input line 38.
(pdftex.def)             Requested size: 597.25711pt x 845.19412pt.


File: 33.pdf Graphic file (type pdf)
<use 33.pdf, page 1>
Package pdftex.def Info: 33.pdf , page1 used on input line 38.
(pdftex.def)             Requested size: 597.25711pt x 845.19412pt.
[34

 <./33.pdf>]
<34.pdf, id=773, 597.23125pt x 845.1575pt>
File: 34.pdf Graphic file (type pdf)
<use 34.pdf>
Package pdftex.def Info: 34.pdf  used on input line 39.
(pdftex.def)             Requested size: 597.22978pt x 845.15544pt.
<34.pdf, id=775, page=1, 597.23125pt x 845.1575pt>
File: 34.pdf Graphic file (type pdf)
<use 34.pdf, page 1>
Package pdftex.def Info: 34.pdf , page1 used on input line 39.
(pdftex.def)             Requested size: 597.22978pt x 845.15544pt.
File: 34.pdf Graphic file (type pdf)
<use 34.pdf, page 1>
Package pdftex.def Info: 34.pdf , page1 used on input line 39.
(pdftex.def)             Requested size: 597.25711pt x 845.19412pt.
File: 34.pdf Graphic file (type pdf)
<use 34.pdf, page 1>
Package pdftex.def Info: 34.pdf , page1 used on input line 39.
(pdftex.def)             Requested size: 597.25711pt x 845.19412pt.
File: 34.pdf Graphic file (type pdf)
<use 34.pdf, page 1>
Package pdftex.def Info: 34.pdf , page1 used on input line 39.
(pdftex.def)             Requested size: 597.25711pt x 845.19412pt.


File: 34.pdf Graphic file (type pdf)
<use 34.pdf, page 1>
Package pdftex.def Info: 34.pdf , page1 used on input line 39.
(pdftex.def)             Requested size: 597.25711pt x 845.19412pt.
[35

 <./34.pdf>]
<35.pdf, id=798, 597.23125pt x 845.1575pt>
File: 35.pdf Graphic file (type pdf)
<use 35.pdf>
Package pdftex.def Info: 35.pdf  used on input line 40.
(pdftex.def)             Requested size: 597.22978pt x 845.15544pt.
<35.pdf, id=800, page=1, 597.23125pt x 845.1575pt>
File: 35.pdf Graphic file (type pdf)
<use 35.pdf, page 1>
Package pdftex.def Info: 35.pdf , page1 used on input line 40.
(pdftex.def)             Requested size: 597.22978pt x 845.15544pt.
File: 35.pdf Graphic file (type pdf)
<use 35.pdf, page 1>
Package pdftex.def Info: 35.pdf , page1 used on input line 40.
(pdftex.def)             Requested size: 597.25711pt x 845.19412pt.
File: 35.pdf Graphic file (type pdf)
<use 35.pdf, page 1>
Package pdftex.def Info: 35.pdf , page1 used on input line 40.
(pdftex.def)             Requested size: 597.25711pt x 845.19412pt.
File: 35.pdf Graphic file (type pdf)
<use 35.pdf, page 1>
Package pdftex.def Info: 35.pdf , page1 used on input line 40.
(pdftex.def)             Requested size: 597.25711pt x 845.19412pt.


File: 35.pdf Graphic file (type pdf)
<use 35.pdf, page 1>
Package pdftex.def Info: 35.pdf , page1 used on input line 40.
(pdftex.def)             Requested size: 597.25711pt x 845.19412pt.
[36

 <./35.pdf>]
<36.pdf, id=823, 597.23125pt x 845.1575pt>
File: 36.pdf Graphic file (type pdf)
<use 36.pdf>
Package pdftex.def Info: 36.pdf  used on input line 41.
(pdftex.def)             Requested size: 597.22978pt x 845.15544pt.
<36.pdf, id=825, page=1, 597.23125pt x 845.1575pt>
File: 36.pdf Graphic file (type pdf)
<use 36.pdf, page 1>
Package pdftex.def Info: 36.pdf , page1 used on input line 41.
(pdftex.def)             Requested size: 597.22978pt x 845.15544pt.
File: 36.pdf Graphic file (type pdf)
<use 36.pdf, page 1>
Package pdftex.def Info: 36.pdf , page1 used on input line 41.
(pdftex.def)             Requested size: 597.25711pt x 845.19412pt.
File: 36.pdf Graphic file (type pdf)
<use 36.pdf, page 1>
Package pdftex.def Info: 36.pdf , page1 used on input line 41.
(pdftex.def)             Requested size: 597.25711pt x 845.19412pt.
File: 36.pdf Graphic file (type pdf)
<use 36.pdf, page 1>
Package pdftex.def Info: 36.pdf , page1 used on input line 41.
(pdftex.def)             Requested size: 597.25711pt x 845.19412pt.


File: 36.pdf Graphic file (type pdf)
<use 36.pdf, page 1>
Package pdftex.def Info: 36.pdf , page1 used on input line 41.
(pdftex.def)             Requested size: 597.25711pt x 845.19412pt.
[37

 <./36.pdf>]
<37.pdf, id=843, 597.23125pt x 845.1575pt>
File: 37.pdf Graphic file (type pdf)
<use 37.pdf>
Package pdftex.def Info: 37.pdf  used on input line 42.
(pdftex.def)             Requested size: 597.22978pt x 845.15544pt.
<37.pdf, id=845, page=1, 597.23125pt x 845.1575pt>
File: 37.pdf Graphic file (type pdf)
<use 37.pdf, page 1>
Package pdftex.def Info: 37.pdf , page1 used on input line 42.
(pdftex.def)             Requested size: 597.22978pt x 845.15544pt.
File: 37.pdf Graphic file (type pdf)
<use 37.pdf, page 1>
Package pdftex.def Info: 37.pdf , page1 used on input line 42.
(pdftex.def)             Requested size: 597.25711pt x 845.19412pt.
File: 37.pdf Graphic file (type pdf)
<use 37.pdf, page 1>
Package pdftex.def Info: 37.pdf , page1 used on input line 42.
(pdftex.def)             Requested size: 597.25711pt x 845.19412pt.
File: 37.pdf Graphic file (type pdf)
<use 37.pdf, page 1>
Package pdftex.def Info: 37.pdf , page1 used on input line 42.
(pdftex.def)             Requested size: 597.25711pt x 845.19412pt.


File: 37.pdf Graphic file (type pdf)
<use 37.pdf, page 1>
Package pdftex.def Info: 37.pdf , page1 used on input line 42.
(pdftex.def)             Requested size: 597.25711pt x 845.19412pt.
[38

 <./37.pdf>]
<38.pdf, id=863, 597.23125pt x 845.1575pt>
File: 38.pdf Graphic file (type pdf)
<use 38.pdf>
Package pdftex.def Info: 38.pdf  used on input line 43.
(pdftex.def)             Requested size: 597.22978pt x 845.15544pt.
<38.pdf, id=865, page=1, 597.23125pt x 845.1575pt>
File: 38.pdf Graphic file (type pdf)
<use 38.pdf, page 1>
Package pdftex.def Info: 38.pdf , page1 used on input line 43.
(pdftex.def)             Requested size: 597.22978pt x 845.15544pt.
File: 38.pdf Graphic file (type pdf)
<use 38.pdf, page 1>
Package pdftex.def Info: 38.pdf , page1 used on input line 43.
(pdftex.def)             Requested size: 597.25711pt x 845.19412pt.
File: 38.pdf Graphic file (type pdf)
<use 38.pdf, page 1>
Package pdftex.def Info: 38.pdf , page1 used on input line 43.
(pdftex.def)             Requested size: 597.25711pt x 845.19412pt.
File: 38.pdf Graphic file (type pdf)
<use 38.pdf, page 1>
Package pdftex.def Info: 38.pdf , page1 used on input line 43.
(pdftex.def)             Requested size: 597.25711pt x 845.19412pt.


File: 38.pdf Graphic file (type pdf)
<use 38.pdf, page 1>
Package pdftex.def Info: 38.pdf , page1 used on input line 43.
(pdftex.def)             Requested size: 597.25711pt x 845.19412pt.
[39

 <./38.pdf>]
<39.pdf, id=882, 597.23125pt x 845.1575pt>
File: 39.pdf Graphic file (type pdf)
<use 39.pdf>
Package pdftex.def Info: 39.pdf  used on input line 44.
(pdftex.def)             Requested size: 597.22978pt x 845.15544pt.
<39.pdf, id=884, page=1, 597.23125pt x 845.1575pt>
File: 39.pdf Graphic file (type pdf)
<use 39.pdf, page 1>
Package pdftex.def Info: 39.pdf , page1 used on input line 44.
(pdftex.def)             Requested size: 597.22978pt x 845.15544pt.
File: 39.pdf Graphic file (type pdf)
<use 39.pdf, page 1>
Package pdftex.def Info: 39.pdf , page1 used on input line 44.
(pdftex.def)             Requested size: 597.25711pt x 845.19412pt.
File: 39.pdf Graphic file (type pdf)
<use 39.pdf, page 1>
Package pdftex.def Info: 39.pdf , page1 used on input line 44.
(pdftex.def)             Requested size: 597.25711pt x 845.19412pt.
File: 39.pdf Graphic file (type pdf)
<use 39.pdf, page 1>
Package pdftex.def Info: 39.pdf , page1 used on input line 44.
(pdftex.def)             Requested size: 597.25711pt x 845.19412pt.


File: 39.pdf Graphic file (type pdf)
<use 39.pdf, page 1>
Package pdftex.def Info: 39.pdf , page1 used on input line 44.
(pdftex.def)             Requested size: 597.25711pt x 845.19412pt.
[40

 <./39.pdf>] (./Asynchronous_Reviews.aux)
 ***********
LaTeX2e <2024-11-01> patch level 2
L3 programming layer <2025-01-18>
 ***********
 ) 
Here is how much of TeX's memory you used:
 3514 strings out of 473201
 56190 string characters out of 5720300
 447178 words of memory out of 5000000
 26768 multiletter control sequences out of 15000+600000
 558837 words of font info for 36 fonts, out of 8000000 for 9000
 1141 hyphenation exceptions out of 8191
 72i,17n,79p,237b,431s stack positions out of 10000i,1000n,20000p,200000b,200000s

Output written on Asynchronous_Reviews.pdf (40 pages, 1001582 bytes).
PDF statistics:
 912 PDF objects out of 1000 (max. 8388607)
 540 compressed objects within 6 object streams
 0 named destinations out of 1000 (max. 500000)
 591 words of extra memory for PDF output out of 10000 (max. 10000000)

